<?xml version="1.0" encoding="UTF-8"?>
<!-- Generated by org.testng.reporters.JUnitReportReporter -->
<testsuite skipped="0" hostname="DESKTOP-K3QEPSU" name="homepackage.HomeTest" tests="1" failures="0" timestamp="17 Sep 2018 19:20:11 GMT" time="0.175" errors="0">
  <testcase name="mainPageLaunchTest" time="0.175" classname="homepackage.HomeTest"/>
</testsuite> <!-- homepackage.HomeTest -->
