<?xml version="1.0" encoding="UTF-8"?>
<!-- Generated by org.testng.reporters.JUnitReportReporter -->
<testsuite skipped="0" hostname="DESKTOP-K3QEPSU" name="inter.SortedTest" tests="1" failures="0" timestamp="28 Sep 2018 17:55:12 GMT" time="0.016" errors="0">
  <testcase name="t1" time="0.016" classname="inter.SortedTest"/>
</testsuite> <!-- inter.SortedTest -->
