<?xml version="1.0" encoding="UTF-8"?>
<!-- Generated by org.testng.reporters.JUnitReportReporter -->
<testsuite skipped="0" hostname="DESKTOP-K3QEPSU" name="inter.LoginDataProvider" tests="3" failures="0" timestamp="28 Sep 2018 17:39:05 GMT" time="5.530" errors="0">
  <testcase name="login" time="2.991" classname="inter.LoginDataProvider"/>
  <testcase name="login" time="1.774" classname="inter.LoginDataProvider"/>
  <testcase name="login" time="0.765" classname="inter.LoginDataProvider"/>
</testsuite> <!-- inter.LoginDataProvider -->
