<?xml version="1.0" encoding="UTF-8"?>
<!-- Generated by org.testng.reporters.JUnitReportReporter -->
<testsuite skipped="0" hostname="DESKTOP-K3QEPSU" name="artspackage.ArtsTest" tests="3" failures="0" timestamp="17 Sep 2018 19:42:26 GMT" time="2.596" errors="0">
  <testcase name="histortLinkPresent" time="1.944" classname="artspackage.ArtsTest"/>
  <testcase name="mainPageLaunchTest" time="0.116" classname="artspackage.ArtsTest"/>
  <testcase name="navigateToHomePage" time="0.536" classname="artspackage.ArtsTest"/>
</testsuite> <!-- artspackage.ArtsTest -->
