<?xml version="1.0" encoding="UTF-8"?>
<!-- Generated by org.testng.reporters.JUnitReportReporter -->
<testsuite skipped="0" hostname="DESKTOP-K3QEPSU" name="activitypackage.AutoIt2" tests="1" failures="0" timestamp="08 Oct 2018 23:23:34 GMT" time="16.118" errors="0">
  <testcase name="t1" time="16.118" classname="activitypackage.AutoIt2"/>
</testsuite> <!-- activitypackage.AutoIt2 -->
