<?xml version="1.0" encoding="UTF-8"?>
<!-- Generated by org.testng.reporters.JUnitReportReporter -->
<testsuite skipped="0" hostname="DESKTOP-K3QEPSU" name="healthpackage.HealthTest" tests="5" failures="0" timestamp="17 Sep 2018 20:17:11 GMT" time="8.813" errors="0">
  <testcase name="navigatetoHealthPage" time="1.741" classname="healthpackage.HealthTest"/>
  <testcase name="histortLinkPresent" time="2.329" classname="healthpackage.HealthTest"/>
  <testcase name="mainPageLaunchTest" time="0.129" classname="healthpackage.HealthTest"/>
  <testcase name="navigateToHomePage" time="3.633" classname="healthpackage.HealthTest"/>
  <testcase name="navigateToArtsPage" time="0.981" classname="healthpackage.HealthTest"/>
</testsuite> <!-- healthpackage.HealthTest -->
