<?xml version="1.0" encoding="UTF-8"?>
<!-- Generated by org.testng.reporters.JUnitReportReporter -->
<testsuite skipped="0" hostname="DESKTOP-K3QEPSU" name="activitypackage.AutoIt" tests="1" failures="0" timestamp="06 Oct 2018 00:20:04 GMT" time="10.647" errors="0">
  <testcase name="t1" time="10.647" classname="activitypackage.AutoIt"/>
</testsuite> <!-- activitypackage.AutoIt -->
