<?xml version="1.0" encoding="UTF-8"?>
<!-- Generated by org.testng.reporters.JUnitReportReporter -->
<testsuite skipped="0" hostname="DESKTOP-K3QEPSU" name="sciencepackage.ScienceTest" tests="6" failures="0" timestamp="18 Sep 2018 17:23:51 GMT" time="6.144" errors="0">
  <testcase name="histortLinkPresent" time="2.490" classname="sciencepackage.ScienceTest"/>
  <testcase name="navigateToCulturePage" time="0.728" classname="sciencepackage.ScienceTest"/>
  <testcase name="navigateToMainPage" time="0.590" classname="sciencepackage.ScienceTest"/>
  <testcase name="navigateToHomePage" time="0.541" classname="sciencepackage.ScienceTest"/>
  <testcase name="navigateToSciencePage" time="1.648" classname="sciencepackage.ScienceTest"/>
  <testcase name="mainPageLaunchTest" time="0.147" classname="sciencepackage.ScienceTest"/>
</testsuite> <!-- sciencepackage.ScienceTest -->
